Using pre-set license
Built from '2020.3/staging' branch; Version is '2020.3.3f1 (76626098c1c4) revision 7758432'; Using compiler version '192528614'; Build Type 'Release'
OS: 'Windows 10 Pro; OS build 19043.1202; Version 2009; 64bit' Language: 'en' Physical Memory: 32585 MB
BatchMode: 1, IsHumanControllingUs: 0, StartBugReporterOnCrash: 0, Is64bit: 1, IsPro: 0

 COMMAND LINE ARGUMENTS:
C:\Program Files\Unity\Hub\Editor\2020.3.3f1\Editor\Unity.exe
-adb2
-batchMode
-noUpm
-name
AssetImportWorker0
-projectPath
C:/Users/carte_lnos8qa/Documents/Tello/UnityControllerForTello
-logFile
Logs/AssetImportWorker0.log
-srvPort
1060
Successfully changed project path to: C:/Users/carte_lnos8qa/Documents/Tello/UnityControllerForTello
C:/Users/carte_lnos8qa/Documents/Tello/UnityControllerForTello
Using Asset Import Pipeline V2.
Refreshing native plugins compatible for Editor in 38.57 ms, found 8 plugins.
Preloading 0 native plugins for Editor in 0.00 ms.
Initialize engine version: 2020.3.3f1 (76626098c1c4)
[Subsystems] Discovering subsystems at path C:/Program Files/Unity/Hub/Editor/2020.3.3f1/Editor/Data/Resources/UnitySubsystems
[Subsystems] Discovering subsystems at path C:/Users/carte_lnos8qa/Documents/Tello/UnityControllerForTello/Assets
GfxDevice: creating device client; threaded=0
Direct3D:
    Version:  Direct3D 11.0 [level 11.1]
    Renderer: NVIDIA GeForce RTX 2080 Super with Max-Q Design (ID=0x1e93)
    Vendor:   
    VRAM:     8010 MB
    Driver:   27.21.14.6677
Initialize mono
Mono path[0] = 'C:/Program Files/Unity/Hub/Editor/2020.3.3f1/Editor/Data/Managed'
Mono path[1] = 'C:/Program Files/Unity/Hub/Editor/2020.3.3f1/Editor/Data/MonoBleedingEdge/lib/mono/unityjit'
Mono config path = 'C:/Program Files/Unity/Hub/Editor/2020.3.3f1/Editor/Data/MonoBleedingEdge/etc'
Using monoOptions --debugger-agent=transport=dt_socket,embedding=1,server=y,suspend=n,address=127.0.0.1:56448
Begin MonoManager ReloadAssembly
Registering precompiled unity dll's ...
Register platform support module: C:/Program Files/Unity/Hub/Editor/2020.3.3f1/Editor/Data/PlaybackEngines/WindowsStandaloneSupport/UnityEditor.WindowsStandalone.Extensions.dll
Registered in 0.001537 seconds.
Native extension for WindowsStandalone target not found
Refreshing native plugins compatible for Editor in 35.46 ms, found 8 plugins.
Preloading 0 native plugins for Editor in 0.00 ms.
Invoked RoslynAnalysisRunner static constructor.
RoslynAnalysisRunner will not be running.
RoslynAnalysisRunner has terminated.
Mono: successfully reloaded assembly
- Completed reload, in  1.368 seconds
Platform modules already initialized, skipping
Registering precompiled user dll's ...
Registered in 0.002702 seconds.
Begin MonoManager ReloadAssembly
Native extension for WindowsStandalone target not found
Refreshing native plugins compatible for Editor in 0.41 ms, found 8 plugins.
Preloading 0 native plugins for Editor in 0.00 ms.
Invoked RoslynAnalysisRunner static constructor.
RoslynAnalysisRunner will not be running.
RoslynAnalysisRunner has terminated.
Mono: successfully reloaded assembly
- Completed reload, in  0.790 seconds
Platform modules already initialized, skipping
========================================================================
Worker process is ready to serve import requests
Launched and connected shader compiler UnityShaderCompiler.exe after 0.03 seconds
Refreshing native plugins compatible for Editor in 0.39 ms, found 8 plugins.
Preloading 0 native plugins for Editor in 0.00 ms.
Unloading 1460 Unused Serialized files (Serialized files now loaded: 0)
System memory in use before: 67.0 MB.
System memory in use after: 67.1 MB.

Unloading 43 unused Assets to reduce memory usage. Loaded Objects now: 1888.
Total: 1.950800 ms (FindLiveObjects: 0.278500 ms CreateObjectMapping: 0.058400 ms MarkObjects: 1.525600 ms  DeleteObjects: 0.087400 ms)

========================================================================
Received Import Request.
  path: Assets/Scripts/UnityTelloController/AutoPilot/Orbit.cs
  artifactKey: Guid(5b321242b8281774fbbdc83fe1f96755) Importer(815301076,1909f56bfc062723c751e8b465ee728b)
Start importing Assets/Scripts/UnityTelloController/AutoPilot/Orbit.cs using Guid(5b321242b8281774fbbdc83fe1f96755) Importer(815301076,1909f56bfc062723c751e8b465ee728b)  -> (artifact id: '477c7b54d1f7cf03a7d003f5d3d66197') in 0.017055 seconds
  Import took 0.020123 seconds .

========================================================================
Received Import Request.
  Time since last request: 0.845886 seconds.
  path: Assets/Scripts/UnityTelloController/DroneSimulator.cs
  artifactKey: Guid(6892694f863d7ad48a07295c07032616) Importer(815301076,1909f56bfc062723c751e8b465ee728b)
Start importing Assets/Scripts/UnityTelloController/DroneSimulator.cs using Guid(6892694f863d7ad48a07295c07032616) Importer(815301076,1909f56bfc062723c751e8b465ee728b)  -> (artifact id: 'a2219ee9fd2bda0c768c36322cb62fce') in 0.007837 seconds
  Import took 0.010701 seconds .

========================================================================
Received Import Request.
  Time since last request: 0.001893 seconds.
  path: Assets/Scripts/UnityTelloController/DroneSimulator.cs
  artifactKey: Guid(6892694f863d7ad48a07295c07032616) Importer(815301076,1909f56bfc062723c751e8b465ee728b)
Start importing Assets/Scripts/UnityTelloController/DroneSimulator.cs using Guid(6892694f863d7ad48a07295c07032616) Importer(815301076,1909f56bfc062723c751e8b465ee728b)  -> (artifact id: 'a2219ee9fd2bda0c768c36322cb62fce') in 0.004270 seconds
  Import took 0.007234 seconds .

========================================================================
Received Import Request.
  Time since last request: 2.392321 seconds.
  path: Assets/Scripts/UnityTelloController/InputController.cs
  artifactKey: Guid(e4787c3498c8dfd4ba455948282b8bd1) Importer(815301076,1909f56bfc062723c751e8b465ee728b)
Start importing Assets/Scripts/UnityTelloController/InputController.cs using Guid(e4787c3498c8dfd4ba455948282b8bd1) Importer(815301076,1909f56bfc062723c751e8b465ee728b)  -> (artifact id: '7396b48e116d511b7b6883054a4a62b4') in 0.008216 seconds
  Import took 0.010707 seconds .

========================================================================
Received Import Request.
  Time since last request: 0.002402 seconds.
  path: Assets/Scripts/UnityTelloController/InputController.cs
  artifactKey: Guid(e4787c3498c8dfd4ba455948282b8bd1) Importer(815301076,1909f56bfc062723c751e8b465ee728b)
Start importing Assets/Scripts/UnityTelloController/InputController.cs using Guid(e4787c3498c8dfd4ba455948282b8bd1) Importer(815301076,1909f56bfc062723c751e8b465ee728b)  -> (artifact id: '7396b48e116d511b7b6883054a4a62b4') in 0.002011 seconds
  Import took 0.004004 seconds .

========================================================================
Received Import Request.
  Time since last request: 3.721259 seconds.
  path: Assets/Scripts/UnityTelloController/SceneManager.cs
  artifactKey: Guid(ab181b599e4feeb4fa1e4d4c66d89586) Importer(815301076,1909f56bfc062723c751e8b465ee728b)
Start importing Assets/Scripts/UnityTelloController/SceneManager.cs using Guid(ab181b599e4feeb4fa1e4d4c66d89586) Importer(815301076,1909f56bfc062723c751e8b465ee728b)  -> (artifact id: '6a58227cb43a355859809cac21dc50ad') in 0.007480 seconds
  Import took 0.010271 seconds .

========================================================================
Received Import Request.
  Time since last request: 0.000837 seconds.
  path: Assets/Scripts/UnityTelloController/SceneManager.cs
  artifactKey: Guid(ab181b599e4feeb4fa1e4d4c66d89586) Importer(815301076,1909f56bfc062723c751e8b465ee728b)
Start importing Assets/Scripts/UnityTelloController/SceneManager.cs using Guid(ab181b599e4feeb4fa1e4d4c66d89586) Importer(815301076,1909f56bfc062723c751e8b465ee728b)  -> (artifact id: '6a58227cb43a355859809cac21dc50ad') in 0.002006 seconds
  Import took 0.004065 seconds .

========================================================================
Received Import Request.
  Time since last request: 1.996598 seconds.
  path: Assets/Scripts/UnityTelloController/UIManager.cs
  artifactKey: Guid(17f09309677d6c24ab2bc6b3302607ee) Importer(815301076,1909f56bfc062723c751e8b465ee728b)
Start importing Assets/Scripts/UnityTelloController/UIManager.cs using Guid(17f09309677d6c24ab2bc6b3302607ee) Importer(815301076,1909f56bfc062723c751e8b465ee728b)  -> (artifact id: '502db185d0b0b246d559c01de99eef5e') in 0.005607 seconds
  Import took 0.008362 seconds .

========================================================================
Received Import Request.
  Time since last request: 14.990993 seconds.
  path: Assets/Scripts/UnityTelloController/AutoPilot/TelloAutoPilot.cs
  artifactKey: Guid(608e8547d3ccabb4d88a69fe3025f1dd) Importer(815301076,1909f56bfc062723c751e8b465ee728b)
Start importing Assets/Scripts/UnityTelloController/AutoPilot/TelloAutoPilot.cs using Guid(608e8547d3ccabb4d88a69fe3025f1dd) Importer(815301076,1909f56bfc062723c751e8b465ee728b)  -> (artifact id: '3e1138cda7edecc5f3015d01e498cefa') in 0.005729 seconds
  Import took 0.008239 seconds .

========================================================================
Received Import Request.
  Time since last request: 0.002193 seconds.
  path: Assets/Scripts/UnityTelloController/AutoPilot/TelloAutoPilot.cs
  artifactKey: Guid(608e8547d3ccabb4d88a69fe3025f1dd) Importer(815301076,1909f56bfc062723c751e8b465ee728b)
Start importing Assets/Scripts/UnityTelloController/AutoPilot/TelloAutoPilot.cs using Guid(608e8547d3ccabb4d88a69fe3025f1dd) Importer(815301076,1909f56bfc062723c751e8b465ee728b)  -> (artifact id: '3e1138cda7edecc5f3015d01e498cefa') in 0.002220 seconds
  Import took 0.004391 seconds .

========================================================================
Received Import Request.
  Time since last request: 36.875203 seconds.
  path: Assets/Scripts/UnityTelloController/AutoPilot/FlightPath.cs
  artifactKey: Guid(f352598af99605946b8d348c51aa6716) Importer(815301076,1909f56bfc062723c751e8b465ee728b)
Start importing Assets/Scripts/UnityTelloController/AutoPilot/FlightPath.cs using Guid(f352598af99605946b8d348c51aa6716) Importer(815301076,1909f56bfc062723c751e8b465ee728b)  -> (artifact id: '7856596ec81bb9d3557160250ed84f63') in 0.005185 seconds
  Import took 0.008786 seconds .

========================================================================
Received Import Request.
  Time since last request: 0.004817 seconds.
  path: Assets/Scripts/UnityTelloController/AutoPilot/FlightPath.cs
  artifactKey: Guid(f352598af99605946b8d348c51aa6716) Importer(815301076,1909f56bfc062723c751e8b465ee728b)
Start importing Assets/Scripts/UnityTelloController/AutoPilot/FlightPath.cs using Guid(f352598af99605946b8d348c51aa6716) Importer(815301076,1909f56bfc062723c751e8b465ee728b)  -> (artifact id: '7856596ec81bb9d3557160250ed84f63') in 0.002609 seconds
  Import took 0.004808 seconds .

========================================================================
Received Import Request.
  Time since last request: 27.323283 seconds.
  path: Assets/Scripts/UnityTelloController/AutoPilot/Editor
  artifactKey: Guid(2a4abc4824467e94489129fefba141b8) Importer(815301076,1909f56bfc062723c751e8b465ee728b)
Start importing Assets/Scripts/UnityTelloController/AutoPilot/Editor using Guid(2a4abc4824467e94489129fefba141b8) Importer(815301076,1909f56bfc062723c751e8b465ee728b)  -> (artifact id: 'b7a862d9f87061774ab17812a43fe616') in 0.007110 seconds
  Import took 0.009767 seconds .

========================================================================
Received Import Request.
  Time since last request: 0.003123 seconds.
  path: Assets/Scripts/UnityTelloController/AutoPilot/Editor
  artifactKey: Guid(2a4abc4824467e94489129fefba141b8) Importer(815301076,1909f56bfc062723c751e8b465ee728b)
Start importing Assets/Scripts/UnityTelloController/AutoPilot/Editor using Guid(2a4abc4824467e94489129fefba141b8) Importer(815301076,1909f56bfc062723c751e8b465ee728b)  -> (artifact id: 'b7a862d9f87061774ab17812a43fe616') in 0.002390 seconds
  Import took 0.005650 seconds .

========================================================================
Received Prepare
Registering precompiled user dll's ...
Registered in 0.002306 seconds.
Begin MonoManager ReloadAssembly
Native extension for WindowsStandalone target not found
Refreshing native plugins compatible for Editor in 0.42 ms, found 8 plugins.
Preloading 0 native plugins for Editor in 0.00 ms.
Invoked RoslynAnalysisRunner static constructor.
RoslynAnalysisRunner will not be running.
RoslynAnalysisRunner has terminated.
Mono: successfully reloaded assembly
- Completed reload, in  0.770 seconds
Platform modules already initialized, skipping
Refreshing native plugins compatible for Editor in 0.42 ms, found 8 plugins.
Preloading 0 native plugins for Editor in 0.00 ms.
Unloading 1444 Unused Serialized files (Serialized files now loaded: 0)
System memory in use before: 66.7 MB.
System memory in use after: 66.8 MB.

Unloading 43 unused Assets to reduce memory usage. Loaded Objects now: 1882.
Total: 1.491000 ms (FindLiveObjects: 0.162000 ms CreateObjectMapping: 0.050000 ms MarkObjects: 1.233400 ms  DeleteObjects: 0.044900 ms)

========================================================================
Received Prepare
Registering precompiled user dll's ...
Registered in 0.002647 seconds.
Begin MonoManager ReloadAssembly
Native extension for WindowsStandalone target not found
Refreshing native plugins compatible for Editor in 0.41 ms, found 8 plugins.
Preloading 0 native plugins for Editor in 0.00 ms.
Invoked RoslynAnalysisRunner static constructor.
RoslynAnalysisRunner will not be running.
RoslynAnalysisRunner has terminated.
Mono: successfully reloaded assembly
- Completed reload, in  0.726 seconds
Platform modules already initialized, skipping
Refreshing native plugins compatible for Editor in 0.43 ms, found 8 plugins.
Preloading 0 native plugins for Editor in 0.00 ms.
Unloading 1443 Unused Serialized files (Serialized files now loaded: 0)
System memory in use before: 66.7 MB.
System memory in use after: 66.8 MB.

Unloading 35 unused Assets to reduce memory usage. Loaded Objects now: 1884.
Total: 2.267400 ms (FindLiveObjects: 0.215600 ms CreateObjectMapping: 0.060200 ms MarkObjects: 1.973400 ms  DeleteObjects: 0.017500 ms)

========================================================================
Received Import Request.
  Time since last request: 57.542293 seconds.
  path: Assets/Scripts/UnityTelloController/AutoPilot/PIDController.cs
  artifactKey: Guid(f1c69ce4ea3873d48a2b9fa59d980c0f) Importer(815301076,1909f56bfc062723c751e8b465ee728b)
Start importing Assets/Scripts/UnityTelloController/AutoPilot/PIDController.cs using Guid(f1c69ce4ea3873d48a2b9fa59d980c0f) Importer(815301076,1909f56bfc062723c751e8b465ee728b)  -> (artifact id: '7303340c40016f6a6ede9ecfc12aa276') in 0.010899 seconds
  Import took 0.014232 seconds .

========================================================================
Received Import Request.
  Time since last request: 0.029067 seconds.
  path: Assets/Scripts/UnityTelloController/AutoPilot/PIDController.cs
  artifactKey: Guid(f1c69ce4ea3873d48a2b9fa59d980c0f) Importer(815301076,1909f56bfc062723c751e8b465ee728b)
Start importing Assets/Scripts/UnityTelloController/AutoPilot/PIDController.cs using Guid(f1c69ce4ea3873d48a2b9fa59d980c0f) Importer(815301076,1909f56bfc062723c751e8b465ee728b)  -> (artifact id: '7303340c40016f6a6ede9ecfc12aa276') in 0.002975 seconds
  Import took 0.006161 seconds .

========================================================================
Received Import Request.
  Time since last request: 7.207950 seconds.
  path: Assets/Scripts/UnityTelloController/AutoPilot/AngleTesting.cs
  artifactKey: Guid(4c72b5857212f31449e06249d0e84b6b) Importer(815301076,1909f56bfc062723c751e8b465ee728b)
Start importing Assets/Scripts/UnityTelloController/AutoPilot/AngleTesting.cs using Guid(4c72b5857212f31449e06249d0e84b6b) Importer(815301076,1909f56bfc062723c751e8b465ee728b)  -> (artifact id: '5a72ca8c505b0cdebc1b2ad3a2a948ec') in 0.008109 seconds
  Import took 0.011047 seconds .

========================================================================
Received Import Request.
  Time since last request: 2.750284 seconds.
  path: Assets/Scripts/UnityTelloController/AutoPilot
  artifactKey: Guid(fd66e953810a220469fb6df08bb46b6b) Importer(815301076,1909f56bfc062723c751e8b465ee728b)
Start importing Assets/Scripts/UnityTelloController/AutoPilot using Guid(fd66e953810a220469fb6df08bb46b6b) Importer(815301076,1909f56bfc062723c751e8b465ee728b)  -> (artifact id: 'a53cf4e0c36155acaee1c4f7f5430a21') in 0.007044 seconds
  Import took 0.009694 seconds .

========================================================================
Received Import Request.
  Time since last request: 0.003247 seconds.
  path: Assets/Scripts/UnityTelloController/AutoPilot
  artifactKey: Guid(fd66e953810a220469fb6df08bb46b6b) Importer(815301076,1909f56bfc062723c751e8b465ee728b)
Start importing Assets/Scripts/UnityTelloController/AutoPilot using Guid(fd66e953810a220469fb6df08bb46b6b) Importer(815301076,1909f56bfc062723c751e8b465ee728b)  -> (artifact id: 'a53cf4e0c36155acaee1c4f7f5430a21') in 0.002062 seconds
  Import took 0.004396 seconds .

========================================================================
Received Prepare
Registering precompiled user dll's ...
Registered in 0.002741 seconds.
Begin MonoManager ReloadAssembly
Native extension for WindowsStandalone target not found
Refreshing native plugins compatible for Editor in 0.43 ms, found 8 plugins.
Preloading 0 native plugins for Editor in 0.00 ms.
Invoked RoslynAnalysisRunner static constructor.
RoslynAnalysisRunner will not be running.
RoslynAnalysisRunner has terminated.
Mono: successfully reloaded assembly
- Completed reload, in  0.758 seconds
Platform modules already initialized, skipping
Refreshing native plugins compatible for Editor in 0.44 ms, found 8 plugins.
Preloading 0 native plugins for Editor in 0.00 ms.
Unloading 1442 Unused Serialized files (Serialized files now loaded: 0)
System memory in use before: 66.7 MB.
System memory in use after: 66.8 MB.

Unloading 35 unused Assets to reduce memory usage. Loaded Objects now: 1886.
Total: 1.466400 ms (FindLiveObjects: 0.174500 ms CreateObjectMapping: 0.047100 ms MarkObjects: 1.226400 ms  DeleteObjects: 0.017200 ms)

========================================================================
Received Prepare
Registering precompiled user dll's ...
Registered in 0.002909 seconds.
Begin MonoManager ReloadAssembly
Native extension for WindowsStandalone target not found
Refreshing native plugins compatible for Editor in 0.39 ms, found 8 plugins.
Preloading 0 native plugins for Editor in 0.00 ms.
Invoked RoslynAnalysisRunner static constructor.
RoslynAnalysisRunner will not be running.
RoslynAnalysisRunner has terminated.
Mono: successfully reloaded assembly
- Completed reload, in  0.691 seconds
Platform modules already initialized, skipping
Refreshing native plugins compatible for Editor in 0.43 ms, found 8 plugins.
Preloading 0 native plugins for Editor in 0.00 ms.
Unloading 1442 Unused Serialized files (Serialized files now loaded: 0)
System memory in use before: 66.7 MB.
System memory in use after: 66.8 MB.

Unloading 34 unused Assets to reduce memory usage. Loaded Objects now: 1889.
Total: 1.640800 ms (FindLiveObjects: 0.199000 ms CreateObjectMapping: 0.035400 ms MarkObjects: 1.349100 ms  DeleteObjects: 0.056500 ms)

========================================================================
Received Prepare
Registering precompiled user dll's ...
Registered in 0.002734 seconds.
Begin MonoManager ReloadAssembly
Native extension for WindowsStandalone target not found
Refreshing native plugins compatible for Editor in 0.41 ms, found 8 plugins.
Preloading 0 native plugins for Editor in 0.00 ms.
Invoked RoslynAnalysisRunner static constructor.
RoslynAnalysisRunner will not be running.
RoslynAnalysisRunner has terminated.
Mono: successfully reloaded assembly
- Completed reload, in  0.688 seconds
Platform modules already initialized, skipping
Refreshing native plugins compatible for Editor in 0.42 ms, found 8 plugins.
Preloading 0 native plugins for Editor in 0.00 ms.
Unloading 1442 Unused Serialized files (Serialized files now loaded: 0)
System memory in use before: 66.7 MB.
System memory in use after: 66.8 MB.

Unloading 34 unused Assets to reduce memory usage. Loaded Objects now: 1892.
Total: 1.705400 ms (FindLiveObjects: 0.132800 ms CreateObjectMapping: 0.069500 ms MarkObjects: 1.487300 ms  DeleteObjects: 0.015100 ms)

========================================================================
Received Import Request.
  Time since last request: 33497.064723 seconds.
  path: Assets/Scripts/UnityTelloController/DebugVector.cs
  artifactKey: Guid(3d1344557a362cc4f968dda4520a6407) Importer(815301076,1909f56bfc062723c751e8b465ee728b)
Start importing Assets/Scripts/UnityTelloController/DebugVector.cs using Guid(3d1344557a362cc4f968dda4520a6407) Importer(815301076,1909f56bfc062723c751e8b465ee728b)  -> (artifact id: '28c23a2d9e2832332da366e53511dc6d') in 0.015852 seconds
  Import took 0.021065 seconds .

========================================================================
Received Import Request.
  Time since last request: 0.030645 seconds.
  path: Assets/Scripts/UnityTelloController/DebugVector.cs
  artifactKey: Guid(3d1344557a362cc4f968dda4520a6407) Importer(815301076,1909f56bfc062723c751e8b465ee728b)
Start importing Assets/Scripts/UnityTelloController/DebugVector.cs using Guid(3d1344557a362cc4f968dda4520a6407) Importer(815301076,1909f56bfc062723c751e8b465ee728b)  -> (artifact id: '28c23a2d9e2832332da366e53511dc6d') in 0.003002 seconds
  Import took 0.006429 seconds .

========================================================================
Received Import Request.
  Time since last request: 112.029040 seconds.
  path: Assets/PBR Materials Lite/Materials/Asphalt_01.mat
  artifactKey: Guid(fad864c38ef476548be4fe7c22d3bf91) Importer(815301076,1909f56bfc062723c751e8b465ee728b)
Start importing Assets/PBR Materials Lite/Materials/Asphalt_01.mat using Guid(fad864c38ef476548be4fe7c22d3bf91) Importer(815301076,1909f56bfc062723c751e8b465ee728b)  -> (artifact id: '08cac566af161ffde6921426a04bf6f8') in 0.370312 seconds
  Import took 0.372714 seconds .

========================================================================
Received Import Request.
  Time since last request: 0.000155 seconds.
  path: Assets/Meshes/IT_Office_floorplan.FBX
  artifactKey: Guid(a97db89b49283974dae961edbcc6ce37) Importer(815301076,1909f56bfc062723c751e8b465ee728b)
Start importing Assets/Meshes/IT_Office_floorplan.FBX using Guid(a97db89b49283974dae961edbcc6ce37) Importer(815301076,1909f56bfc062723c751e8b465ee728b)  -> (artifact id: 'c621e896d2a5a6ec7b4a810cd20063cc') in 0.521240 seconds
  Import took 0.523831 seconds .

========================================================================
Received Import Request.
  Time since last request: 0.000147 seconds.
  path: Assets/PBR Materials Lite/Materials/Asphalt_01.mat
  artifactKey: Guid(fad864c38ef476548be4fe7c22d3bf91) Importer(815301076,1909f56bfc062723c751e8b465ee728b)
Start importing Assets/PBR Materials Lite/Materials/Asphalt_01.mat using Guid(fad864c38ef476548be4fe7c22d3bf91) Importer(815301076,1909f56bfc062723c751e8b465ee728b)  -> (artifact id: '08cac566af161ffde6921426a04bf6f8') in 0.016192 seconds
  Import took 0.018667 seconds .

========================================================================
Received Import Request.
  Time since last request: 0.000167 seconds.
  path: Assets/Materials/Blue2.mat
  artifactKey: Guid(370e5793541eefd42a680921f81162e9) Importer(815301076,1909f56bfc062723c751e8b465ee728b)
Start importing Assets/Materials/Blue2.mat using Guid(370e5793541eefd42a680921f81162e9) Importer(815301076,1909f56bfc062723c751e8b465ee728b)  -> (artifact id: 'b6e2a3668b85a6f5b19c85843eb49a54') in 0.017252 seconds
  Import took 0.019887 seconds .

========================================================================
Received Import Request.
  Time since last request: 0.000159 seconds.
  path: Assets/PBR Materials Lite/Materials/Brick Wall_01.mat
  artifactKey: Guid(2310e624b7a0873499a7edde64622419) Importer(815301076,1909f56bfc062723c751e8b465ee728b)
Start importing Assets/PBR Materials Lite/Materials/Brick Wall_01.mat using Guid(2310e624b7a0873499a7edde64622419) Importer(815301076,1909f56bfc062723c751e8b465ee728b)  -> (artifact id: '2f3b6d14ac409e71b67b2600830e5c37') in 0.244080 seconds
  Import took 0.247110 seconds .

========================================================================
Received Import Request.
  Time since last request: 0.000207 seconds.
  path: Assets/Materials/Drone Sim.mat
  artifactKey: Guid(b96697f8e9bfeab44828efc960e58312) Importer(815301076,1909f56bfc062723c751e8b465ee728b)
Start importing Assets/Materials/Drone Sim.mat using Guid(b96697f8e9bfeab44828efc960e58312) Importer(815301076,1909f56bfc062723c751e8b465ee728b)  -> (artifact id: '7fa56f745ab4963369d731d11326e182') in 0.016018 seconds
  Import took 0.018628 seconds .

========================================================================
Received Import Request.
  Time since last request: 0.000159 seconds.
  path: Assets/Materials/Materials/dji75clp.mat
  artifactKey: Guid(39ea31085e011fd4a9169ea6ee176bb2) Importer(815301076,1909f56bfc062723c751e8b465ee728b)
Start importing Assets/Materials/Materials/dji75clp.mat using Guid(39ea31085e011fd4a9169ea6ee176bb2) Importer(815301076,1909f56bfc062723c751e8b465ee728b)  -> (artifact id: '5b3fab53fdd4b8b43a09287b5341a24e') in 0.021458 seconds
  Import took 0.024326 seconds .

========================================================================
Received Import Request.
  Time since last request: 0.000163 seconds.
  path: Assets/Materials/Brown.mat
  artifactKey: Guid(fc06096267f00b94d99fa045ea0948fa) Importer(815301076,1909f56bfc062723c751e8b465ee728b)
Start importing Assets/Materials/Brown.mat using Guid(fc06096267f00b94d99fa045ea0948fa) Importer(815301076,1909f56bfc062723c751e8b465ee728b)  -> (artifact id: '7aadf2a0b59979317934d4af43c0188c') in 0.016084 seconds
  Import took 0.018794 seconds .

========================================================================
Received Import Request.
  Time since last request: 0.000177 seconds.
  path: Assets/Materials/Blue.mat
  artifactKey: Guid(0f90a4659da6bbf47adc323a34c87acb) Importer(815301076,1909f56bfc062723c751e8b465ee728b)
Start importing Assets/Materials/Blue.mat using Guid(0f90a4659da6bbf47adc323a34c87acb) Importer(815301076,1909f56bfc062723c751e8b465ee728b)  -> (artifact id: '2e3ce94da5804c662021254d4a97f43d') in 0.011034 seconds
  Import took 0.013383 seconds .

========================================================================
Received Import Request.
  Time since last request: 1.223952 seconds.
  path: Assets/Materials/Floor.mat
  artifactKey: Guid(06df2fdcc1be9e14a939a0c18a3ca2b2) Importer(815301076,1909f56bfc062723c751e8b465ee728b)
Start importing Assets/Materials/Floor.mat using Guid(06df2fdcc1be9e14a939a0c18a3ca2b2) Importer(815301076,1909f56bfc062723c751e8b465ee728b)  -> (artifact id: 'eb844baad68f7fb33483d5c70f7487ea') in 0.017062 seconds
  Import took 0.020521 seconds .

========================================================================
Received Import Request.
  Time since last request: 0.000183 seconds.
  path: Assets/PBR Materials Lite/Materials/Leather_04.mat
  artifactKey: Guid(72c466e43975751429dba2c11d24dced) Importer(815301076,1909f56bfc062723c751e8b465ee728b)
Start importing Assets/PBR Materials Lite/Materials/Leather_04.mat using Guid(72c466e43975751429dba2c11d24dced) Importer(815301076,1909f56bfc062723c751e8b465ee728b)  -> (artifact id: 'bc4d0173bc33c9f447a322cf5e60c3b3') in 0.050852 seconds
  Import took 0.053694 seconds .

========================================================================
Received Import Request.
  Time since last request: 0.231394 seconds.
  path: Assets/Meshes/Drone.fbx
  artifactKey: Guid(ffa2eb396e70a7246afb2ba79066e8b3) Importer(815301076,1909f56bfc062723c751e8b465ee728b)
Start importing Assets/Meshes/Drone.fbx using Guid(ffa2eb396e70a7246afb2ba79066e8b3) Importer(815301076,1909f56bfc062723c751e8b465ee728b)  -> (artifact id: 'd41ab164e0c709e313f552d96ad2afe3') in 0.032498 seconds
  Import took 0.035706 seconds .

AssetImportWorkerClient::OnTransportError - code=2 error=End of file
